#
# A fatal error has been detected by the Java Runtime Environment:
#
#  EXCEPTION_ACCESS_VIOLATION (0xc0000005) at pc=0x0000000051f8d8dc, pid=5692, tid=10208
#
# JRE version: Java(TM) SE Runtime Environment (10.0.2+13) (build 10.0.2+13)
# Java VM: Java HotSpot(TM) 64-Bit Server VM (10.0.2+13, mixed mode, tiered, compressed oops, g1 gc, windows-amd64)
# Problematic frame:
# V  [jvm.dll+0x31d8dc]
#
# No core dump will be written. Minidumps are not enabled by default on client versions of Windows
#
# If you would like to submit a bug report, please visit:
#   http://bugreport.java.com/bugreport/crash.jsp
#

---------------  S U M M A R Y ------------

Command Line: -agentlib:jdwp=transport=dt_socket,address=127.0.0.1:54625,suspend=y,server=n -javaagent:C:\Users\wyman\.IdeaIC2018.2\system\captureAgent\debugger-agent.jar=file:/C:/Users/wyman/AppData/Local/Temp/capture.props -Dfile.encoding=UTF-8 LoopBug

Host: Intel(R) Core(TM) i7-7500U CPU @ 2.70GHz, 4 cores, 7G,  Windows 10 , 64 bit Build 17134 (10.0.17134.1)
Time: Thu Sep 27 19:23:24 2018 Pacific Daylight Time elapsed time: 1203 seconds (0d 0h 20m 3s)

---------------  T H R E A D  ---------------

Current thread (0x000001c851ca8000):  VMThread "VM Thread" [stack: 0x00000047ade00000,0x00000047adf00000] [id=10208]

Stack: [0x00000047ade00000,0x00000047adf00000],  sp=0x00000047adefec80,  free space=1019k
Native frames: (J=compiled Java code, j=interpreted, Vv=VM code, C=native code)
V  [jvm.dll+0x31d8dc]
V  [jvm.dll+0x31fcc0]
V  [jvm.dll+0x32034e]
V  [jvm.dll+0x31da85]
V  [jvm.dll+0x31cee3]
V  [jvm.dll+0x59097f]
V  [jvm.dll+0x590d66]
V  [jvm.dll+0x590b26]
V  [jvm.dll+0x55c148]
V  [jvm.dll+0x473bca]
V  [jvm.dll+0x6c47bc]
V  [jvm.dll+0x6c2f25]
V  [jvm.dll+0x6c3730]
V  [jvm.dll+0x6c3a6c]
V  [jvm.dll+0x59f4b0]
C  [msvcr120.dll+0x24f7f]
C  [msvcr120.dll+0x25126]
C  [KERNEL32.DLL+0x13034]
C  [ntdll.dll+0x71461]


siginfo: EXCEPTION_ACCESS_VIOLATION (0xc0000005), reading address 0x0000000000000006


Register to memory mapping:

RIP=0x0000000051f8d8dc jvm.dll
RAX=0x0000000000000000 is an unknown value
RBX=0x000001c8521830f8 is pointing into metadata
RCX=0x0000000000000000 is an unknown value
RDX=0x0000000000000000 is an unknown value
RSP=0x00000047adefec80 is an unknown value
RBP=0x0000000000000001 is an unknown value
RSI=0x000000005260ac28 jvm.dll
RDI=0x00000047adefef20 is an unknown value
R8 =0x0000000000000000 is an unknown value
R9 =0x000001c8521830f8 is pointing into metadata
R10=0x000001c851c5910c is an unknown value
R11=0x000001c851c590a0 is an unknown value
R12=0x00000000523ed601 jvm.dll
R13=0x0000000000000000 is an unknown value
R14=0x0000000000000001 is an unknown value
R15=0x0000000000000078 is an unknown value


Registers:
RAX=0x0000000000000000, RBX=0x000001c8521830f8, RCX=0x0000000000000000, RDX=0x0000000000000000
RSP=0x00000047adefec80, RBP=0x0000000000000001, RSI=0x000000005260ac28, RDI=0x00000047adefef20
R8 =0x0000000000000000, R9 =0x000001c8521830f8, R10=0x000001c851c5910c, R11=0x000001c851c590a0
R12=0x00000000523ed601, R13=0x0000000000000000, R14=0x0000000000000001, R15=0x0000000000000078
RIP=0x0000000051f8d8dc, EFLAGS=0x0000000000010206

Top of Stack: (sp=0x00000047adefec80)
0x00000047adefec80:   00000047adeff7ff 00000047adefef20
0x00000047adefec90:   0000000000000000 0000000000000000
0x00000047adefeca0:   00000047adefef20 0000000051f90f15
0x00000047adefecb0:   000001c851c59028 000001c851c59050
0x00000047adefecc0:   00004830820a1ff5 0000000000000003
0x00000047adefecd0:   0000000000000003 00000047adefed70
0x00000047adefece0:   00000047adefef20 0000000051f8fcc0
0x00000047adefecf0:   00000047adefef20 000000000000000e
0x00000047adefed00:   0000000000000001 00000047adefef20
0x00000047adefed10:   000000000000000e 0000000000000002
0x00000047adefed20:   0000000000000078 000000000000001b
0x00000047adefed30:   000001c851c59078 0000000051f9034e
0x00000047adefed40:   00000047adefef20 00000047adefeda0
0x00000047adefed50:   0000000000000003 000001c851c59078
0x00000047adefed60:   0000000000006001 0000000051f921f1
0x00000047adefed70:   000001c852183478 000001c851ca8000 

Instructions: (pc=0x0000000051f8d8dc)
0x0000000051f8d8bc:   8b cb e8 9d 10 f1 ff 48 8b cb 8b d0 e8 c3 37 f1
0x0000000051f8d8cc:   ff 48 8d 35 54 d3 67 00 48 63 c8 48 8b 44 cb 40
0x0000000051f8d8dc:   0f b6 48 06 8b 05 3e d3 67 00 80 f9 4c 74 2b 80
0x0000000051f8d8ec:   f9 5b 74 26 80 f9 4a 74 18 80 f9 44 74 13 48 8d 


VM_Operation (0x00000047ae7ff700): GetOrSetLocal, mode: safepoint, requested by thread 0x000001c852b4c000


---------------  P R O C E S S  ---------------

Threads class SMR info:
_java_thread_list=0x000001c852989d30, length=14, elements={
0x000001c82e97f000, 0x000001c851cbb000, 0x000001c851cbc000, 0x000001c851cb7800,
0x000001c852622800, 0x000001c852623000, 0x000001c852669000, 0x000001c852669800,
0x000001c85266e800, 0x000001c852b4c000, 0x000001c852a48800, 0x000001c852a4a000,
0x000001c852b4a800, 0x000001c852859800
}

Java Threads: ( => current thread )
  0x000001c82e97f000 JavaThread "main" [_thread_blocked, id=1300, stack(0x00000047ad200000,0x00000047ad300000)]
  0x000001c851cbb000 JavaThread "Reference Handler" daemon [_thread_blocked, id=8840, stack(0x00000047adf00000,0x00000047ae000000)]
  0x000001c851cbc000 JavaThread "Finalizer" daemon [_thread_blocked, id=6420, stack(0x00000047ae000000,0x00000047ae100000)]
  0x000001c851cb7800 JavaThread "Signal Dispatcher" daemon [_thread_blocked, id=8884, stack(0x00000047ae100000,0x00000047ae200000)]
  0x000001c852622800 JavaThread "Attach Listener" daemon [_thread_blocked, id=6956, stack(0x00000047ae200000,0x00000047ae300000)]
  0x000001c852623000 JavaThread "C2 CompilerThread0" daemon [_thread_blocked, id=1088, stack(0x00000047ae300000,0x00000047ae400000)]
  0x000001c852669000 JavaThread "C2 CompilerThread1" daemon [_thread_blocked, id=7672, stack(0x00000047ae400000,0x00000047ae500000)]
  0x000001c852669800 JavaThread "C1 CompilerThread2" daemon [_thread_blocked, id=3296, stack(0x00000047ae500000,0x00000047ae600000)]
  0x000001c85266e800 JavaThread "Sweeper thread" daemon [_thread_blocked, id=6668, stack(0x00000047ae600000,0x00000047ae700000)]
  0x000001c852b4c000 JavaThread "JDWP Transport Listener: dt_socket" daemon [_thread_blocked, id=8476, stack(0x00000047ae700000,0x00000047ae800000)] _threads_hazard_ptr=0x000001c852989d30
  0x000001c852a48800 JavaThread "JDWP Event Helper Thread" daemon [_thread_blocked, id=11176, stack(0x00000047ae800000,0x00000047ae900000)]
  0x000001c852a4a000 JavaThread "JDWP Command Reader" daemon [_thread_in_native, id=1456, stack(0x00000047ae900000,0x00000047aea00000)]
  0x000001c852b4a800 JavaThread "Common-Cleaner" daemon [_thread_blocked, id=5792, stack(0x00000047aea00000,0x00000047aeb00000)]
  0x000001c852859800 JavaThread "Service Thread" daemon [_thread_blocked, id=7880, stack(0x00000047aeb00000,0x00000047aec00000)]

Other Threads:
=>0x000001c851ca8000 VMThread "VM Thread" [stack: 0x00000047ade00000,0x00000047adf00000] [id=10208]
  0x000001c852861000 WatcherThread [stack: 0x00000047aec00000,0x00000047aed00000] [id=7456]
  0x000001c82e99a000 GCTaskThread "GC Thread#0" [stack: 0x00000047ad300000,0x00000047ad400000] [id=6296]
  0x000001c82e99c800 GCTaskThread "GC Thread#1" [stack: 0x00000047ad400000,0x00000047ad500000] [id=10772]
  0x000001c82e99e000 GCTaskThread "GC Thread#2" [stack: 0x00000047ad500000,0x00000047ad600000] [id=2920]
  0x000001c82e9a0800 GCTaskThread "GC Thread#3" [stack: 0x00000047ad600000,0x00000047ad700000] [id=5812]
  0x000001c82ea11000 ConcurrentGCThread "G1 Main Marker" [stack: 0x00000047ad700000,0x00000047ad800000] [id=9368]
  0x000001c82ea1c000 ConcurrentGCThread "G1 Conc#0" [stack: 0x00000047ad800000,0x00000047ad900000] [id=2232]
  0x000001c851b2f800 ConcurrentGCThread "G1 Refine#0" [stack: 0x00000047ad900000,0x00000047ada00000] [id=1208]
  0x000001c82ea5e000 ConcurrentGCThread "G1 Refine#1" [stack: 0x00000047ada00000,0x00000047adb00000] [id=10708]
  0x000001c851b30000 ConcurrentGCThread "G1 Refine#2" [stack: 0x00000047adb00000,0x00000047adc00000] [id=10792]
  0x000001c851b31000 ConcurrentGCThread "G1 Refine#3" [stack: 0x00000047adc00000,0x00000047add00000] [id=7928]
  0x000001c851b34000 ConcurrentGCThread "G1 Young RemSet Sampling" [stack: 0x00000047add00000,0x00000047ade00000] [id=9224]

Threads with active compile tasks:

VM state:at safepoint (normal execution)

VM Mutex/Monitor currently owned by a thread:  ([mutex/lock_event])
[0x000001c82e97e1f0] Threads_lock - owner thread: 0x000001c851ca8000

Heap address: 0x0000000081c00000, size: 2020 MB, Compressed Oops mode: 32-bit
Narrow klass base: 0x0000000000000000, Narrow klass shift: 3
Compressed class space size: 1073741824 Address: 0x0000000100000000

Heap:
 garbage-first heap   total 131072K, used 2048K [0x0000000081c00000, 0x0000000100000000)
  region size 1024K, 3 young (3072K), 0 survivors (0K)
 Metaspace       used 5167K, capacity 5264K, committed 5376K, reserved 1056768K
  class space    used 436K, capacity 496K, committed 512K, reserved 1048576K
Heap Regions: E=young(eden), S=young(survivor), O=old, HS=humongous(starts), HC=humongous(continues), CS=collection set, F=free, A=archive, TS=gc time stamp, AC=allocation context, TAMS=top-at-mark-start (previous, next)
|   0|0x0000000081c00000, 0x0000000081c00000, 0x0000000081d00000|  0%| F|  |TS  0|AC  0|TAMS 0x0000000081c00000, 0x0000000081c00000|
|   1|0x0000000081d00000, 0x0000000081d00000, 0x0000000081e00000|  0%| F|  |TS  0|AC  0|TAMS 0x0000000081d00000, 0x0000000081d00000|
|   2|0x0000000081e00000, 0x0000000081e00000, 0x0000000081f00000|  0%| F|  |TS  0|AC  0|TAMS 0x0000000081e00000, 0x0000000081e00000|
|   3|0x0000000081f00000, 0x0000000081f00000, 0x0000000082000000|  0%| F|  |TS  0|AC  0|TAMS 0x0000000081f00000, 0x0000000081f00000|
|   4|0x0000000082000000, 0x0000000082000000, 0x0000000082100000|  0%| F|  |TS  0|AC  0|TAMS 0x0000000082000000, 0x0000000082000000|
|   5|0x0000000082100000, 0x0000000082100000, 0x0000000082200000|  0%| F|  |TS  0|AC  0|TAMS 0x0000000082100000, 0x0000000082100000|
|   6|0x0000000082200000, 0x0000000082200000, 0x0000000082300000|  0%| F|  |TS  0|AC  0|TAMS 0x0000000082200000, 0x0000000082200000|
|   7|0x0000000082300000, 0x0000000082300000, 0x0000000082400000|  0%| F|  |TS  0|AC  0|TAMS 0x0000000082300000, 0x0000000082300000|
|   8|0x0000000082400000, 0x0000000082400000, 0x0000000082500000|  0%| F|  |TS  0|AC  0|TAMS 0x0000000082400000, 0x0000000082400000|
|   9|0x0000000082500000, 0x0000000082500000, 0x0000000082600000|  0%| F|  |TS  0|AC  0|TAMS 0x0000000082500000, 0x0000000082500000|
|  10|0x0000000082600000, 0x0000000082600000, 0x0000000082700000|  0%| F|  |TS  0|AC  0|TAMS 0x0000000082600000, 0x0000000082600000|
|  11|0x0000000082700000, 0x0000000082700000, 0x0000000082800000|  0%| F|  |TS  0|AC  0|TAMS 0x0000000082700000, 0x0000000082700000|
|  12|0x0000000082800000, 0x0000000082800000, 0x0000000082900000|  0%| F|  |TS  0|AC  0|TAMS 0x0000000082800000, 0x0000000082800000|
|  13|0x0000000082900000, 0x0000000082900000, 0x0000000082a00000|  0%| F|  |TS  0|AC  0|TAMS 0x0000000082900000, 0x0000000082900000|
|  14|0x0000000082a00000, 0x0000000082a00000, 0x0000000082b00000|  0%| F|  |TS  0|AC  0|TAMS 0x0000000082a00000, 0x0000000082a00000|
|  15|0x0000000082b00000, 0x0000000082b00000, 0x0000000082c00000|  0%| F|  |TS  0|AC  0|TAMS 0x0000000082b00000, 0x0000000082b00000|
|  16|0x0000000082c00000, 0x0000000082c00000, 0x0000000082d00000|  0%| F|  |TS  0|AC  0|TAMS 0x0000000082c00000, 0x0000000082c00000|
|  17|0x0000000082d00000, 0x0000000082d00000, 0x0000000082e00000|  0%| F|  |TS  0|AC  0|TAMS 0x0000000082d00000, 0x0000000082d00000|
|  18|0x0000000082e00000, 0x0000000082e00000, 0x0000000082f00000|  0%| F|  |TS  0|AC  0|TAMS 0x0000000082e00000, 0x0000000082e00000|
|  19|0x0000000082f00000, 0x0000000082f00000, 0x0000000083000000|  0%| F|  |TS  0|AC  0|TAMS 0x0000000082f00000, 0x0000000082f00000|
|  20|0x0000000083000000, 0x0000000083000000, 0x0000000083100000|  0%| F|  |TS  0|AC  0|TAMS 0x0000000083000000, 0x0000000083000000|
|  21|0x0000000083100000, 0x0000000083100000, 0x0000000083200000|  0%| F|  |TS  0|AC  0|TAMS 0x0000000083100000, 0x0000000083100000|
|  22|0x0000000083200000, 0x0000000083200000, 0x0000000083300000|  0%| F|  |TS  0|AC  0|TAMS 0x0000000083200000, 0x0000000083200000|
|  23|0x0000000083300000, 0x0000000083300000, 0x0000000083400000|  0%| F|  |TS  0|AC  0|TAMS 0x0000000083300000, 0x0000000083300000|
|  24|0x0000000083400000, 0x0000000083400000, 0x0000000083500000|  0%| F|  |TS  0|AC  0|TAMS 0x0000000083400000, 0x0000000083400000|
|  25|0x0000000083500000, 0x0000000083500000, 0x0000000083600000|  0%| F|  |TS  0|AC  0|TAMS 0x0000000083500000, 0x0000000083500000|
|  26|0x0000000083600000, 0x0000000083600000, 0x0000000083700000|  0%| F|  |TS  0|AC  0|TAMS 0x0000000083600000, 0x0000000083600000|
|  27|0x0000000083700000, 0x0000000083700000, 0x0000000083800000|  0%| F|  |TS  0|AC  0|TAMS 0x0000000083700000, 0x0000000083700000|
|  28|0x0000000083800000, 0x0000000083800000, 0x0000000083900000|  0%| F|  |TS  0|AC  0|TAMS 0x0000000083800000, 0x0000000083800000|
|  29|0x0000000083900000, 0x0000000083900000, 0x0000000083a00000|  0%| F|  |TS  0|AC  0|TAMS 0x0000000083900000, 0x0000000083900000|
|  30|0x0000000083a00000, 0x0000000083a00000, 0x0000000083b00000|  0%| F|  |TS  0|AC  0|TAMS 0x0000000083a00000, 0x0000000083a00000|
|  31|0x0000000083b00000, 0x0000000083b00000, 0x0000000083c00000|  0%| F|  |TS  0|AC  0|TAMS 0x0000000083b00000, 0x0000000083b00000|
|  32|0x0000000083c00000, 0x0000000083c00000, 0x0000000083d00000|  0%| F|  |TS  0|AC  0|TAMS 0x0000000083c00000, 0x0000000083c00000|
|  33|0x0000000083d00000, 0x0000000083d00000, 0x0000000083e00000|  0%| F|  |TS  0|AC  0|TAMS 0x0000000083d00000, 0x0000000083d00000|
|  34|0x0000000083e00000, 0x0000000083e00000, 0x0000000083f00000|  0%| F|  |TS  0|AC  0|TAMS 0x0000000083e00000, 0x0000000083e00000|
|  35|0x0000000083f00000, 0x0000000083f00000, 0x0000000084000000|  0%| F|  |TS  0|AC  0|TAMS 0x0000000083f00000, 0x0000000083f00000|
|  36|0x0000000084000000, 0x0000000084000000, 0x0000000084100000|  0%| F|  |TS  0|AC  0|TAMS 0x0000000084000000, 0x0000000084000000|
|  37|0x0000000084100000, 0x0000000084100000, 0x0000000084200000|  0%| F|  |TS  0|AC  0|TAMS 0x0000000084100000, 0x0000000084100000|
|  38|0x0000000084200000, 0x0000000084200000, 0x0000000084300000|  0%| F|  |TS  0|AC  0|TAMS 0x0000000084200000, 0x0000000084200000|
|  39|0x0000000084300000, 0x0000000084300000, 0x0000000084400000|  0%| F|  |TS  0|AC  0|TAMS 0x0000000084300000, 0x0000000084300000|
|  40|0x0000000084400000, 0x0000000084400000, 0x0000000084500000|  0%| F|  |TS  0|AC  0|TAMS 0x0000000084400000, 0x0000000084400000|
|  41|0x0000000084500000, 0x0000000084500000, 0x0000000084600000|  0%| F|  |TS  0|AC  0|TAMS 0x0000000084500000, 0x0000000084500000|
|  42|0x0000000084600000, 0x0000000084600000, 0x0000000084700000|  0%| F|  |TS  0|AC  0|TAMS 0x0000000084600000, 0x0000000084600000|
|  43|0x0000000084700000, 0x0000000084700000, 0x0000000084800000|  0%| F|  |TS  0|AC  0|TAMS 0x0000000084700000, 0x0000000084700000|
|  44|0x0000000084800000, 0x0000000084800000, 0x0000000084900000|  0%| F|  |TS  0|AC  0|TAMS 0x0000000084800000, 0x0000000084800000|
|  45|0x0000000084900000, 0x0000000084900000, 0x0000000084a00000|  0%| F|  |TS  0|AC  0|TAMS 0x0000000084900000, 0x0000000084900000|
|  46|0x0000000084a00000, 0x0000000084a00000, 0x0000000084b00000|  0%| F|  |TS  0|AC  0|TAMS 0x0000000084a00000, 0x0000000084a00000|
|  47|0x0000000084b00000, 0x0000000084b00000, 0x0000000084c00000|  0%| F|  |TS  0|AC  0|TAMS 0x0000000084b00000, 0x0000000084b00000|
|  48|0x0000000084c00000, 0x0000000084c00000, 0x0000000084d00000|  0%| F|  |TS  0|AC  0|TAMS 0x0000000084c00000, 0x0000000084c00000|
|  49|0x0000000084d00000, 0x0000000084d00000, 0x0000000084e00000|  0%| F|  |TS  0|AC  0|TAMS 0x0000000084d00000, 0x0000000084d00000|
|  50|0x0000000084e00000, 0x0000000084e00000, 0x0000000084f00000|  0%| F|  |TS  0|AC  0|TAMS 0x0000000084e00000, 0x0000000084e00000|
|  51|0x0000000084f00000, 0x0000000084f00000, 0x0000000085000000|  0%| F|  |TS  0|AC  0|TAMS 0x0000000084f00000, 0x0000000084f00000|
|  52|0x0000000085000000, 0x0000000085000000, 0x0000000085100000|  0%| F|  |TS  0|AC  0|TAMS 0x0000000085000000, 0x0000000085000000|
|  53|0x0000000085100000, 0x0000000085100000, 0x0000000085200000|  0%| F|  |TS  0|AC  0|TAMS 0x0000000085100000, 0x0000000085100000|
|  54|0x0000000085200000, 0x0000000085200000, 0x0000000085300000|  0%| F|  |TS  0|AC  0|TAMS 0x0000000085200000, 0x0000000085200000|
|  55|0x0000000085300000, 0x0000000085300000, 0x0000000085400000|  0%| F|  |TS  0|AC  0|TAMS 0x0000000085300000, 0x0000000085300000|
|  56|0x0000000085400000, 0x0000000085400000, 0x0000000085500000|  0%| F|  |TS  0|AC  0|TAMS 0x0000000085400000, 0x0000000085400000|
|  57|0x0000000085500000, 0x0000000085500000, 0x0000000085600000|  0%| F|  |TS  0|AC  0|TAMS 0x0000000085500000, 0x0000000085500000|
|  58|0x0000000085600000, 0x0000000085600000, 0x0000000085700000|  0%| F|  |TS  0|AC  0|TAMS 0x0000000085600000, 0x0000000085600000|
|  59|0x0000000085700000, 0x0000000085700000, 0x0000000085800000|  0%| F|  |TS  0|AC  0|TAMS 0x0000000085700000, 0x0000000085700000|
|  60|0x0000000085800000, 0x0000000085800000, 0x0000000085900000|  0%| F|  |TS  0|AC  0|TAMS 0x0000000085800000, 0x0000000085800000|
|  61|0x0000000085900000, 0x0000000085900000, 0x0000000085a00000|  0%| F|  |TS  0|AC  0|TAMS 0x0000000085900000, 0x0000000085900000|
|  62|0x0000000085a00000, 0x0000000085a00000, 0x0000000085b00000|  0%| F|  |TS  0|AC  0|TAMS 0x0000000085a00000, 0x0000000085a00000|
|  63|0x0000000085b00000, 0x0000000085b00000, 0x0000000085c00000|  0%| F|  |TS  0|AC  0|TAMS 0x0000000085b00000, 0x0000000085b00000|
|  64|0x0000000085c00000, 0x0000000085c00000, 0x0000000085d00000|  0%| F|  |TS  0|AC  0|TAMS 0x0000000085c00000, 0x0000000085c00000|
|  65|0x0000000085d00000, 0x0000000085d00000, 0x0000000085e00000|  0%| F|  |TS  0|AC  0|TAMS 0x0000000085d00000, 0x0000000085d00000|
|  66|0x0000000085e00000, 0x0000000085e00000, 0x0000000085f00000|  0%| F|  |TS  0|AC  0|TAMS 0x0000000085e00000, 0x0000000085e00000|
|  67|0x0000000085f00000, 0x0000000085f00000, 0x0000000086000000|  0%| F|  |TS  0|AC  0|TAMS 0x0000000085f00000, 0x0000000085f00000|
|  68|0x0000000086000000, 0x0000000086000000, 0x0000000086100000|  0%| F|  |TS  0|AC  0|TAMS 0x0000000086000000, 0x0000000086000000|
|  69|0x0000000086100000, 0x0000000086100000, 0x0000000086200000|  0%| F|  |TS  0|AC  0|TAMS 0x0000000086100000, 0x0000000086100000|
|  70|0x0000000086200000, 0x0000000086200000, 0x0000000086300000|  0%| F|  |TS  0|AC  0|TAMS 0x0000000086200000, 0x0000000086200000|
|  71|0x0000000086300000, 0x0000000086300000, 0x0000000086400000|  0%| F|  |TS  0|AC  0|TAMS 0x0000000086300000, 0x0000000086300000|
|  72|0x0000000086400000, 0x0000000086400000, 0x0000000086500000|  0%| F|  |TS  0|AC  0|TAMS 0x0000000086400000, 0x0000000086400000|
|  73|0x0000000086500000, 0x0000000086500000, 0x0000000086600000|  0%| F|  |TS  0|AC  0|TAMS 0x0000000086500000, 0x0000000086500000|
|  74|0x0000000086600000, 0x0000000086600000, 0x0000000086700000|  0%| F|  |TS  0|AC  0|TAMS 0x0000000086600000, 0x0000000086600000|
|  75|0x0000000086700000, 0x0000000086700000, 0x0000000086800000|  0%| F|  |TS  0|AC  0|TAMS 0x0000000086700000, 0x0000000086700000|
|  76|0x0000000086800000, 0x0000000086800000, 0x0000000086900000|  0%| F|  |TS  0|AC  0|TAMS 0x0000000086800000, 0x0000000086800000|
|  77|0x0000000086900000, 0x0000000086900000, 0x0000000086a00000|  0%| F|  |TS  0|AC  0|TAMS 0x0000000086900000, 0x0000000086900000|
|  78|0x0000000086a00000, 0x0000000086a00000, 0x0000000086b00000|  0%| F|  |TS  0|AC  0|TAMS 0x0000000086a00000, 0x0000000086a00000|
|  79|0x0000000086b00000, 0x0000000086b00000, 0x0000000086c00000|  0%| F|  |TS  0|AC  0|TAMS 0x0000000086b00000, 0x0000000086b00000|
|  80|0x0000000086c00000, 0x0000000086c00000, 0x0000000086d00000|  0%| F|  |TS  0|AC  0|TAMS 0x0000000086c00000, 0x0000000086c00000|
|  81|0x0000000086d00000, 0x0000000086d00000, 0x0000000086e00000|  0%| F|  |TS  0|AC  0|TAMS 0x0000000086d00000, 0x0000000086d00000|
|  82|0x0000000086e00000, 0x0000000086e00000, 0x0000000086f00000|  0%| F|  |TS  0|AC  0|TAMS 0x0000000086e00000, 0x0000000086e00000|
|  83|0x0000000086f00000, 0x0000000086f00000, 0x0000000087000000|  0%| F|  |TS  0|AC  0|TAMS 0x0000000086f00000, 0x0000000086f00000|
|  84|0x0000000087000000, 0x0000000087000000, 0x0000000087100000|  0%| F|  |TS  0|AC  0|TAMS 0x0000000087000000, 0x0000000087000000|
|  85|0x0000000087100000, 0x0000000087100000, 0x0000000087200000|  0%| F|  |TS  0|AC  0|TAMS 0x0000000087100000, 0x0000000087100000|
|  86|0x0000000087200000, 0x0000000087200000, 0x0000000087300000|  0%| F|  |TS  0|AC  0|TAMS 0x0000000087200000, 0x0000000087200000|
|  87|0x0000000087300000, 0x0000000087300000, 0x0000000087400000|  0%| F|  |TS  0|AC  0|TAMS 0x0000000087300000, 0x0000000087300000|
|  88|0x0000000087400000, 0x0000000087400000, 0x0000000087500000|  0%| F|  |TS  0|AC  0|TAMS 0x0000000087400000, 0x0000000087400000|
|  89|0x0000000087500000, 0x0000000087500000, 0x0000000087600000|  0%| F|  |TS  0|AC  0|TAMS 0x0000000087500000, 0x0000000087500000|
|  90|0x0000000087600000, 0x0000000087600000, 0x0000000087700000|  0%| F|  |TS  0|AC  0|TAMS 0x0000000087600000, 0x0000000087600000|
|  91|0x0000000087700000, 0x0000000087700000, 0x0000000087800000|  0%| F|  |TS  0|AC  0|TAMS 0x0000000087700000, 0x0000000087700000|
|  92|0x0000000087800000, 0x0000000087800000, 0x0000000087900000|  0%| F|  |TS  0|AC  0|TAMS 0x0000000087800000, 0x0000000087800000|
|  93|0x0000000087900000, 0x0000000087900000, 0x0000000087a00000|  0%| F|  |TS  0|AC  0|TAMS 0x0000000087900000, 0x0000000087900000|
|  94|0x0000000087a00000, 0x0000000087a00000, 0x0000000087b00000|  0%| F|  |TS  0|AC  0|TAMS 0x0000000087a00000, 0x0000000087a00000|
|  95|0x0000000087b00000, 0x0000000087b00000, 0x0000000087c00000|  0%| F|  |TS  0|AC  0|TAMS 0x0000000087b00000, 0x0000000087b00000|
|  96|0x0000000087c00000, 0x0000000087c00000, 0x0000000087d00000|  0%| F|  |TS  0|AC  0|TAMS 0x0000000087c00000, 0x0000000087c00000|
|  97|0x0000000087d00000, 0x0000000087d00000, 0x0000000087e00000|  0%| F|  |TS  0|AC  0|TAMS 0x0000000087d00000, 0x0000000087d00000|
|  98|0x0000000087e00000, 0x0000000087e00000, 0x0000000087f00000|  0%| F|  |TS  0|AC  0|TAMS 0x0000000087e00000, 0x0000000087e00000|
|  99|0x0000000087f00000, 0x0000000087f00000, 0x0000000088000000|  0%| F|  |TS  0|AC  0|TAMS 0x0000000087f00000, 0x0000000087f00000|
| 100|0x0000000088000000, 0x0000000088000000, 0x0000000088100000|  0%| F|  |TS  0|AC  0|TAMS 0x0000000088000000, 0x0000000088000000|
| 101|0x0000000088100000, 0x0000000088100000, 0x0000000088200000|  0%| F|  |TS  0|AC  0|TAMS 0x0000000088100000, 0x0000000088100000|
| 102|0x0000000088200000, 0x0000000088200000, 0x0000000088300000|  0%| F|  |TS  0|AC  0|TAMS 0x0000000088200000, 0x0000000088200000|
| 103|0x0000000088300000, 0x0000000088300000, 0x0000000088400000|  0%| F|  |TS  0|AC  0|TAMS 0x0000000088300000, 0x0000000088300000|
| 104|0x0000000088400000, 0x0000000088400000, 0x0000000088500000|  0%| F|  |TS  0|AC  0|TAMS 0x0000000088400000, 0x0000000088400000|
| 105|0x0000000088500000, 0x0000000088500000, 0x0000000088600000|  0%| F|  |TS  0|AC  0|TAMS 0x0000000088500000, 0x0000000088500000|
| 106|0x0000000088600000, 0x0000000088600000, 0x0000000088700000|  0%| F|  |TS  0|AC  0|TAMS 0x0000000088600000, 0x0000000088600000|
| 107|0x0000000088700000, 0x0000000088700000, 0x0000000088800000|  0%| F|  |TS  0|AC  0|TAMS 0x0000000088700000, 0x0000000088700000|
| 108|0x0000000088800000, 0x0000000088800000, 0x0000000088900000|  0%| F|  |TS  0|AC  0|TAMS 0x0000000088800000, 0x0000000088800000|
| 109|0x0000000088900000, 0x0000000088900000, 0x0000000088a00000|  0%| F|  |TS  0|AC  0|TAMS 0x0000000088900000, 0x0000000088900000|
| 110|0x0000000088a00000, 0x0000000088a00000, 0x0000000088b00000|  0%| F|  |TS  0|AC  0|TAMS 0x0000000088a00000, 0x0000000088a00000|
| 111|0x0000000088b00000, 0x0000000088b00000, 0x0000000088c00000|  0%| F|  |TS  0|AC  0|TAMS 0x0000000088b00000, 0x0000000088b00000|
| 112|0x0000000088c00000, 0x0000000088c00000, 0x0000000088d00000|  0%| F|  |TS  0|AC  0|TAMS 0x0000000088c00000, 0x0000000088c00000|
| 113|0x0000000088d00000, 0x0000000088d00000, 0x0000000088e00000|  0%| F|  |TS  0|AC  0|TAMS 0x0000000088d00000, 0x0000000088d00000|
| 114|0x0000000088e00000, 0x0000000088e00000, 0x0000000088f00000|  0%| F|  |TS  0|AC  0|TAMS 0x0000000088e00000, 0x0000000088e00000|
| 115|0x0000000088f00000, 0x0000000088f00000, 0x0000000089000000|  0%| F|  |TS  0|AC  0|TAMS 0x0000000088f00000, 0x0000000088f00000|
| 116|0x0000000089000000, 0x0000000089000000, 0x0000000089100000|  0%| F|  |TS  0|AC  0|TAMS 0x0000000089000000, 0x0000000089000000|
| 117|0x0000000089100000, 0x0000000089100000, 0x0000000089200000|  0%| F|  |TS  0|AC  0|TAMS 0x0000000089100000, 0x0000000089100000|
| 118|0x0000000089200000, 0x0000000089200000, 0x0000000089300000|  0%| F|  |TS  0|AC  0|TAMS 0x0000000089200000, 0x0000000089200000|
| 119|0x0000000089300000, 0x0000000089300000, 0x0000000089400000|  0%| F|  |TS  0|AC  0|TAMS 0x0000000089300000, 0x0000000089300000|
| 120|0x0000000089400000, 0x0000000089400000, 0x0000000089500000|  0%| F|  |TS  0|AC  0|TAMS 0x0000000089400000, 0x0000000089400000|
| 121|0x0000000089500000, 0x0000000089500000, 0x0000000089600000|  0%| F|  |TS  0|AC  0|TAMS 0x0000000089500000, 0x0000000089500000|
| 122|0x0000000089600000, 0x0000000089600000, 0x0000000089700000|  0%| F|  |TS  0|AC  0|TAMS 0x0000000089600000, 0x0000000089600000|
| 123|0x0000000089700000, 0x0000000089700000, 0x0000000089800000|  0%| F|  |TS  0|AC  0|TAMS 0x0000000089700000, 0x0000000089700000|
| 124|0x0000000089800000, 0x0000000089800000, 0x0000000089900000|  0%| F|  |TS  0|AC  0|TAMS 0x0000000089800000, 0x0000000089800000|
| 125|0x0000000089900000, 0x0000000089995380, 0x0000000089a00000| 58%| E|  |TS  0|AC  0|TAMS 0x0000000089900000, 0x0000000089900000|
| 126|0x0000000089a00000, 0x0000000089b00000, 0x0000000089b00000|100%| E|CS|TS  0|AC  0|TAMS 0x0000000089a00000, 0x0000000089a00000|
| 127|0x0000000089b00000, 0x0000000089c00000, 0x0000000089c00000|100%| E|CS|TS  0|AC  0|TAMS 0x0000000089b00000, 0x0000000089b00000|

Card table byte_map: [0x000001c84af00000,0x000001c84b300000] byte_map_base: 0x000001c84aaf2000

Marking Bits (Prev, Next): (CMBitMap*) 0x000001c82ea10930, (CMBitMap*) 0x000001c82ea10968
 Prev Bits: [0x000001c84b700000, 0x000001c84d690000)
 Next Bits: [0x000001c84d690000, 0x000001c84f620000)

Polling page: 0x000001c82e720000

CodeHeap 'non-profiled nmethods': size=120064Kb used=75Kb max_used=75Kb free=119988Kb
 bounds [0x000001c842f90000, 0x000001c843200000, 0x000001c84a4d0000]
CodeHeap 'profiled nmethods': size=120000Kb used=299Kb max_used=299Kb free=119700Kb
 bounds [0x000001c83ba60000, 0x000001c83bcd0000, 0x000001c842f90000]
CodeHeap 'non-nmethods': size=5696Kb used=1100Kb max_used=1111Kb free=4595Kb
 bounds [0x000001c83b4d0000, 0x000001c83b740000, 0x000001c83ba60000]
 total_blobs=583 nmethods=213 adapters=207
 compilation: enabled

Compilation events (10 events):
Event: 0.576 Thread 0x000001c852669800  209       3       java.lang.String::startsWith (138 bytes)
Event: 0.577 Thread 0x000001c852669800 nmethod 209 0x000001c83baa8d90 code [0x000001c83baa8fe0, 0x000001c83baa99b8]
Event: 0.577 Thread 0x000001c852669800  210       3       java.lang.String::getBytes (44 bytes)
Event: 0.577 Thread 0x000001c852669000  211       4       java.lang.String::charAt (25 bytes)
Event: 0.577 Thread 0x000001c852669800 nmethod 210 0x000001c83baa9c90 code [0x000001c83baa9e80, 0x000001c83baaa240]
Event: 0.578 Thread 0x000001c852623000  212       4       java.lang.StringLatin1::indexOf (61 bytes)
Event: 0.579 Thread 0x000001c852669000 nmethod 211 0x000001c842fa2590 code [0x000001c842fa2720, 0x000001c842fa2878]
Event: 0.582 Thread 0x000001c852623000 nmethod 212 0x000001c842fa2990 code [0x000001c842fa2b20, 0x000001c842fa2cd8]
Event: 0.593 Thread 0x000001c852669800  213       3       java.lang.String::charAt (25 bytes)
Event: 0.593 Thread 0x000001c852669800 nmethod 213 0x000001c83baaa410 code [0x000001c83baaa620, 0x000001c83baaaba0]

GC Heap History (0 events):
No events

Deoptimization events (5 events):
Event: 0.408 Thread 0x000001c82e97f000 Uncommon trap: reason=unstable_if action=reinterpret pc=0x000001c842f9e248 method=java.util.HashMap.putVal(ILjava/lang/Object;Ljava/lang/Object;ZZ)Ljava/lang/Object; @ 69 c2
Event: 0.408 Thread 0x000001c82e97f000 Uncommon trap: reason=unstable_if action=reinterpret pc=0x000001c842f9c728 method=java.util.HashMap.putVal(ILjava/lang/Object;Ljava/lang/Object;ZZ)Ljava/lang/Object; @ 69 c2
Event: 0.501 Thread 0x000001c82e97f000 Uncommon trap: reason=unstable_if action=reinterpret pc=0x000001c842f93308 method=java.lang.String.hashCode()I @ 14 c2
Event: 0.524 Thread 0x000001c82e97f000 Uncommon trap: reason=unstable_if action=reinterpret pc=0x000001c842f9ecfc method=java.lang.String.isLatin1()Z @ 10 c2
Event: 0.593 Thread 0x000001c82e97f000 Uncommon trap: reason=unstable_if action=reinterpret pc=0x000001c842fa27fc method=java.lang.String.charAt(I)C @ 4 c2

Classes redefined (5 events):
Event: 108.380 Thread 0x000001c851ca8000 redefined class name=LoopBug, count=1
Event: 486.805 Thread 0x000001c851ca8000 redefined class name=LoopBug, count=2
Event: 533.381 Thread 0x000001c851ca8000 redefined class name=LoopBug, count=3
Event: 692.861 Thread 0x000001c851ca8000 redefined class name=LoopBug, count=4
Event: 1203.619 Thread 0x000001c851ca8000 redefined class name=LoopBug, count=5

Internal exceptions (0 events):
No events

Events (10 events):
Event: 1203.620 Executing VM operation: GetFrameCount done
Event: 1203.621 Executing VM operation: GetFrameCount
Event: 1203.621 Executing VM operation: GetFrameCount done
Event: 1203.621 Executing VM operation: GetFrameLocation
Event: 1203.621 Executing VM operation: GetFrameLocation done
Event: 1203.642 Executing VM operation: ChangeBreakpoints
Event: 1203.642 Executing VM operation: ChangeBreakpoints done
Event: 1203.642 Executing VM operation: ChangeBreakpoints
Event: 1203.642 Executing VM operation: ChangeBreakpoints done
Event: 1203.719 Executing VM operation: GetOrSetLocal


Dynamic libraries:
0x00007ff763df0000 - 0x00007ff763e2e000 	C:\Program Files\Java\jdk-10.0.2\bin\java.exe
0x00007ffb06ac0000 - 0x00007ffb06ca1000 	C:\WINDOWS\SYSTEM32\ntdll.dll
0x00007ffb06450000 - 0x00007ffb06502000 	C:\WINDOWS\System32\KERNEL32.DLL
0x00007ffb035c0000 - 0x00007ffb03833000 	C:\WINDOWS\System32\KERNELBASE.dll
0x00007ffb04480000 - 0x00007ffb04521000 	C:\WINDOWS\System32\ADVAPI32.dll
0x00007ffb06210000 - 0x00007ffb062ae000 	C:\WINDOWS\System32\msvcrt.dll
0x00007ffb06960000 - 0x00007ffb069bb000 	C:\WINDOWS\System32\sechost.dll
0x00007ffb04590000 - 0x00007ffb046b4000 	C:\WINDOWS\System32\RPCRT4.dll
0x00007ffb047f0000 - 0x00007ffb04980000 	C:\WINDOWS\System32\USER32.dll
0x00007ffb035a0000 - 0x00007ffb035c0000 	C:\WINDOWS\System32\win32u.dll
0x00007ffb04da0000 - 0x00007ffb04dc8000 	C:\WINDOWS\System32\GDI32.dll
0x00007ffb03400000 - 0x00007ffb03592000 	C:\WINDOWS\System32\gdi32full.dll
0x00007ffb032e0000 - 0x00007ffb0337f000 	C:\WINDOWS\System32\msvcp_win.dll
0x00007ffb030d0000 - 0x00007ffb031ca000 	C:\WINDOWS\System32\ucrtbase.dll
0x00007ffaf80f0000 - 0x00007ffaf8359000 	C:\WINDOWS\WinSxS\amd64_microsoft.windows.common-controls_6595b64144ccf1df_6.0.17134.286_none_fb43982d306480cc\COMCTL32.dll
0x00007ffb04980000 - 0x00007ffb04ca3000 	C:\WINDOWS\System32\combase.dll
0x00007ffb03380000 - 0x00007ffb033fa000 	C:\WINDOWS\System32\bcryptPrimitives.dll
0x00007ffaf96f0000 - 0x00007ffaf96fa000 	C:\WINDOWS\SYSTEM32\VERSION.dll
0x00007ffb040b0000 - 0x00007ffb040dd000 	C:\WINDOWS\System32\IMM32.DLL
0x00007ffaeb130000 - 0x00007ffaeb21f000 	C:\Program Files\Java\jdk-10.0.2\bin\msvcr120.dll
0x00007ffaed0c0000 - 0x00007ffaed166000 	C:\Program Files\Java\jdk-10.0.2\bin\msvcp120.dll
0x0000000051c70000 - 0x00000000526e0000 	C:\Program Files\Java\jdk-10.0.2\bin\server\jvm.dll
0x00007ffb04d30000 - 0x00007ffb04d38000 	C:\WINDOWS\System32\PSAPI.DLL
0x00007ffb01140000 - 0x00007ffb01149000 	C:\WINDOWS\SYSTEM32\WSOCK32.dll
0x00007ffb04cb0000 - 0x00007ffb04d1c000 	C:\WINDOWS\System32\WS2_32.dll
0x00007ffaf93d0000 - 0x00007ffaf93f3000 	C:\WINDOWS\SYSTEM32\WINMM.dll
0x00007ffaf9110000 - 0x00007ffaf913a000 	C:\WINDOWS\SYSTEM32\WINMMBASE.dll
0x00007ffb03080000 - 0x00007ffb030c9000 	C:\WINDOWS\System32\cfgmgr32.dll
0x00007ffaff0f0000 - 0x00007ffaff0ff000 	C:\Program Files\Java\jdk-10.0.2\bin\verify.dll
0x00007ffb00f00000 - 0x00007ffb010c9000 	C:\WINDOWS\SYSTEM32\DBGHELP.DLL
0x00007ffafd4b0000 - 0x00007ffafd4d9000 	C:\WINDOWS\SYSTEM32\dbgcore.DLL
0x00007ffafe0d0000 - 0x00007ffafe0f7000 	C:\Program Files\Java\jdk-10.0.2\bin\java.dll
0x00007ffaf2750000 - 0x00007ffaf2786000 	C:\Program Files\Java\jdk-10.0.2\bin\jdwp.dll
0x00007ffafd910000 - 0x00007ffafd93a000 	C:\Program Files\Java\jdk-10.0.2\bin\instrument.dll
0x00007ffafebf0000 - 0x00007ffafec06000 	C:\Program Files\Java\jdk-10.0.2\bin\zip.dll
0x00007ffafe0c0000 - 0x00007ffafe0ca000 	C:\Program Files\Java\jdk-10.0.2\bin\jimage.dll
0x00007ffb04dd0000 - 0x00007ffb06210000 	C:\WINDOWS\System32\SHELL32.dll
0x00007ffb04740000 - 0x00007ffb047e9000 	C:\WINDOWS\System32\shcore.dll
0x00007ffb03840000 - 0x00007ffb03f4d000 	C:\WINDOWS\System32\windows.storage.dll
0x00007ffb04d40000 - 0x00007ffb04d91000 	C:\WINDOWS\System32\shlwapi.dll
0x00007ffb02e50000 - 0x00007ffb02e61000 	C:\WINDOWS\System32\kernel.appcore.dll
0x00007ffb02e70000 - 0x00007ffb02e8f000 	C:\WINDOWS\System32\profapi.dll
0x00007ffb02dd0000 - 0x00007ffb02e1c000 	C:\WINDOWS\System32\powrprof.dll
0x00007ffb02e40000 - 0x00007ffb02e4a000 	C:\WINDOWS\System32\FLTLIB.DLL
0x00007ffafe0b0000 - 0x00007ffafe0ba000 	C:\Program Files\Java\jdk-10.0.2\bin\dt_socket.dll
0x00007ffb02650000 - 0x00007ffb026b6000 	C:\WINDOWS\system32\mswsock.dll
0x00007ffaf8ea0000 - 0x00007ffaf8eba000 	C:\Program Files\Java\jdk-10.0.2\bin\net.dll
0x00007ffafe860000 - 0x00007ffafe93c000 	C:\WINDOWS\SYSTEM32\WINHTTP.dll
0x00007ffaf7970000 - 0x00007ffaf7981000 	C:\Program Files\Java\jdk-10.0.2\bin\nio.dll

dbghelp: loaded successfully - version: 4.0.5 - missing functions: none
symbol engine: initialized successfully - sym options: 0x614 - pdb path: .;C:\Program Files\Java\jdk-10.0.2\bin;C:\WINDOWS\SYSTEM32;C:\WINDOWS\WinSxS\amd64_microsoft.windows.common-controls_6595b64144ccf1df_6.0.17134.286_none_fb43982d306480cc;C:\Program Files\Java\jdk-10.0.2\bin\server

VM Arguments:
jvm_args: -agentlib:jdwp=transport=dt_socket,address=127.0.0.1:54625,suspend=y,server=n -javaagent:C:\Users\wyman\.IdeaIC2018.2\system\captureAgent\debugger-agent.jar=file:/C:/Users/wyman/AppData/Local/Temp/capture.props -Dfile.encoding=UTF-8 
java_command: LoopBug
java_class_path (initial): C:\Users\wyman\IdeaProjects\CNA337\out\production\DebugLab;C:\Program Files\JetBrains\IntelliJ IDEA Community Edition 2018.2.4\lib\idea_rt.jar
Launcher Type: SUN_STANDARD

Logging:
Log output configuration:
#0: stdout all=warning uptime,level,tags
#1: stderr all=off uptime,level,tags

Environment Variables:
PATH=C:\Program Files (x86)\Common Files\Oracle\Java\javapath;C:\Program Files (x86)\Intel\iCLS Client\;C:\Program Files\Intel\iCLS Client\;C:\Windows\system32;C:\Windows;C:\Windows\System32\Wbem;C:\Windows\System32\WindowsPowerShell\v1.0\;C:\Program Files (x86)\NVIDIA Corporation\PhysX\Common;C:\Program Files (x86)\Intel\Intel(R) Management Engine Components\DAL;C:\Program Files\Intel\Intel(R) Management Engine Components\DAL;C:\Program Files (x86)\Intel\Intel(R) Management Engine Components\IPT;C:\Program Files\Intel\Intel(R) Management Engine Components\IPT;C:\WINDOWS\system32;C:\WINDOWS;C:\WINDOWS\System32\Wbem;C:\WINDOWS\System32\WindowsPowerShell\v1.0\;C:\Program Files\Git\cmd;C:\Program Files\dotnet\;C:\Program Files\Microsoft SQL Server\130\Tools\Binn\;C:\Program Files\PuTTY\;C:\WINDOWS\System32\OpenSSH\;C:\Users\wyman\AppData\Local\Microsoft\WindowsApps;
USERNAME=wyman
OS=Windows_NT
PROCESSOR_IDENTIFIER=Intel64 Family 6 Model 142 Stepping 9, GenuineIntel



---------------  S Y S T E M  ---------------

OS: Windows 10 , 64 bit Build 17134 (10.0.17134.1)

CPU:total 4 (initial active 4) (2 cores per cpu, 2 threads per core) family 6 model 142 stepping 9, cmov, cx8, fxsr, mmx, sse, sse2, sse3, ssse3, sse4.1, sse4.2, popcnt, avx, avx2, aes, clmul, erms, 3dnowpref, lzcnt, ht, tsc, tscinvbit, bmi1, bmi2, adx, fma

Memory: 4k page, physical 8266280k(3583464k free), swap 9577000k(3602060k free)

vm_info: Java HotSpot(TM) 64-Bit Server VM (10.0.2+13) for windows-amd64 JRE (10.0.2+13), built on Jun 28 2018 01:57:56 by "mach5one" with MS VC++ 12.0 (VS2013)

END.
